# JRE version: OpenJDK Runtime Environment Microsoft-11369865 (17.0.15+6) (build 17.0.15+6-LTS)
# Java VM: OpenJDK 64-Bit Server VM Microsoft-11369865 (17.0.15+6-LTS, mixed mode, sharing, tiered, compressed oops, compressed class ptrs, g1 gc, windows-amd64)
GC Precious Log:
 CPUs: 12 total, 12 available
 Memory: 7930M
 Large Page Support: Disabled
 NUMA Support: Disabled
 Compressed Oops: Enabled (32-bit)
 Heap Region Size: 1M
 Heap Min Capacity: 8M
 Heap Initial Capacity: 124M
 Heap Max Capacity: 2G
 Pre-touch: Disabled
 Parallel Workers: 10
 Concurrent Workers: 3
 Concurrent Refinement Workers: 10
 Periodic GC: Disabled
Heap:
 garbage-first heap   total 270336K, used 187308K [0x0000000080000000, 0x0000000100000000)
  region size 1024K, 7 young (7168K), 7 survivors (7168K)
 Metaspace       used 106210K, committed 107456K, reserved 557056K
  class space    used 14856K, committed 15424K, reserved 425984K
GC Heap History (20 events):
Event: 18.444 GC heap after
{Heap after GC invocations=37 (full 0):
 garbage-first heap   total 270336K, used 118612K [0x0000000080000000, 0x0000000100000000)
  region size 1024K, 10 young (10240K), 10 survivors (10240K)
 Metaspace       used 96691K, committed 97664K, reserved 557056K
  class space    used 13553K, committed 14016K, reserved 425984K
}
Event: 19.118 GC heap before
{Heap before GC invocations=37 (full 0):
 garbage-first heap   total 270336K, used 221012K [0x0000000080000000, 0x0000000100000000)
  region size 1024K, 110 young (112640K), 10 survivors (10240K)
 Metaspace       used 101333K, committed 102336K, reserved 557056K
  class space    used 14154K, committed 14656K, reserved 425984K
}
Event: 19.126 GC heap after
{Heap after GC invocations=38 (full 0):
 garbage-first heap   total 270336K, used 125241K [0x0000000080000000, 0x0000000100000000)
  region size 1024K, 10 young (10240K), 10 survivors (10240K)
 Metaspace       used 101333K, committed 102336K, reserved 557056K
  class space    used 14154K, committed 14656K, reserved 425984K
}
Event: 19.907 GC heap before
{Heap before GC invocations=38 (full 0):
 garbage-first heap   total 270336K, used 221497K [0x0000000080000000, 0x0000000100000000)
  region size 1024K, 105 young (107520K), 10 survivors (10240K)
 Metaspace       used 103843K, committed 104896K, reserved 557056K
  class space    used 14538K, committed 15040K, reserved 425984K
}
Event: 19.918 GC heap after
{Heap after GC invocations=39 (full 0):
 garbage-first heap   total 270336K, used 135499K [0x0000000080000000, 0x0000000100000000)
  region size 1024K, 14 young (14336K), 14 survivors (14336K)
 Metaspace       used 103843K, committed 104896K, reserved 557056K
  class space    used 14538K, committed 15040K, reserved 425984K
}
Event: 20.065 GC heap before
{Heap before GC invocations=39 (full 0):
 garbage-first heap   total 270336K, used 219467K [0x0000000080000000, 0x0000000100000000)
  region size 1024K, 97 young (99328K), 14 survivors (14336K)
 Metaspace       used 103849K, committed 104896K, reserved 557056K
  class space    used 14538K, committed 15040K, reserved 425984K
}
Event: 20.074 GC heap after
{Heap after GC invocations=40 (full 0):
 garbage-first heap   total 270336K, used 140274K [0x0000000080000000, 0x0000000100000000)
  region size 1024K, 6 young (6144K), 6 survivors (6144K)
 Metaspace       used 103849K, committed 104896K, reserved 557056K
  class space    used 14538K, committed 15040K, reserved 425984K
}
Event: 20.631 GC heap before
{Heap before GC invocations=40 (full 0):
 garbage-first heap   total 270336K, used 226290K [0x0000000080000000, 0x0000000100000000)
  region size 1024K, 87 young (89088K), 6 survivors (6144K)
 Metaspace       used 104384K, committed 105536K, reserved 557056K
  class space    used 14610K, committed 15168K, reserved 425984K
}
Event: 20.637 GC heap after
{Heap after GC invocations=41 (full 0):
 garbage-first heap   total 270336K, used 155040K [0x0000000080000000, 0x0000000100000000)
  region size 1024K, 11 young (11264K), 11 survivors (11264K)
 Metaspace       used 104384K, committed 105536K, reserved 557056K
  class space    used 14610K, committed 15168K, reserved 425984K
}
Event: 21.357 GC heap before
{Heap before GC invocations=41 (full 0):
 garbage-first heap   total 270336K, used 217504K [0x0000000080000000, 0x0000000100000000)
  region size 1024K, 73 young (74752K), 11 survivors (11264K)
 Metaspace       used 104823K, committed 105984K, reserved 557056K
  class space    used 14651K, committed 15168K, reserved 425984K
}
Event: 21.365 GC heap after
{Heap after GC invocations=42 (full 0):
 garbage-first heap   total 270336K, used 161987K [0x0000000080000000, 0x0000000100000000)
  region size 1024K, 7 young (7168K), 7 survivors (7168K)
 Metaspace       used 104823K, committed 105984K, reserved 557056K
  class space    used 14651K, committed 15168K, reserved 425984K
}
Event: 21.543 GC heap before
{Heap before GC invocations=42 (full 0):
 garbage-first heap   total 270336K, used 220355K [0x0000000080000000, 0x0000000100000000)
  region size 1024K, 64 young (65536K), 7 survivors (7168K)
 Metaspace       used 104943K, committed 106176K, reserved 557056K
  class space    used 14672K, committed 15232K, reserved 425984K
}
Event: 21.548 GC heap after
{Heap after GC invocations=43 (full 0):
 garbage-first heap   total 270336K, used 166914K [0x0000000080000000, 0x0000000100000000)
  region size 1024K, 6 young (6144K), 6 survivors (6144K)
 Metaspace       used 104943K, committed 106176K, reserved 557056K
  class space    used 14672K, committed 15232K, reserved 425984K
}
Event: 21.908 GC heap before
{Heap before GC invocations=43 (full 0):
 garbage-first heap   total 270336K, used 220162K [0x0000000080000000, 0x0000000100000000)
  region size 1024K, 59 young (60416K), 6 survivors (6144K)
 Metaspace       used 105173K, committed 106368K, reserved 557056K
  class space    used 14692K, committed 15232K, reserved 425984K
}
Event: 21.913 GC heap after
{Heap after GC invocations=44 (full 0):
 garbage-first heap   total 270336K, used 173190K [0x0000000080000000, 0x0000000100000000)
  region size 1024K, 8 young (8192K), 8 survivors (8192K)
 Metaspace       used 105173K, committed 106368K, reserved 557056K
  class space    used 14692K, committed 15232K, reserved 425984K
}
Event: 21.977 GC heap before
{Heap before GC invocations=44 (full 0):
 garbage-first heap   total 270336K, used 222342K [0x0000000080000000, 0x0000000100000000)
  region size 1024K, 57 young (58368K), 8 survivors (8192K)
 Metaspace       used 105174K, committed 106368K, reserved 557056K
  class space    used 14692K, committed 15232K, reserved 425984K
}
Event: 21.981 GC heap after
{Heap after GC invocations=45 (full 0):
 garbage-first heap   total 270336K, used 174488K [0x0000000080000000, 0x0000000100000000)
  region size 1024K, 4 young (4096K), 4 survivors (4096K)
 Metaspace       used 105174K, committed 106368K, reserved 557056K
  class space    used 14692K, committed 15232K, reserved 425984K
}
Event: 22.046 GC heap before
{Heap before GC invocations=45 (full 0):
 garbage-first heap   total 270336K, used 223640K [0x0000000080000000, 0x0000000100000000)
  region size 1024K, 53 young (54272K), 4 survivors (4096K)
 Metaspace       used 105174K, committed 106368K, reserved 557056K
  class space    used 14692K, committed 15232K, reserved 425984K
}
Event: 22.049 GC heap after
{Heap after GC invocations=46 (full 0):
 garbage-first heap   total 270336K, used 175098K [0x0000000080000000, 0x0000000100000000)
  region size 1024K, 5 young (5120K), 5 survivors (5120K)
 Metaspace       used 105174K, committed 106368K, reserved 557056K
  class space    used 14692K, committed 15232K, reserved 425984K
}
Event: 22.903 GC heap before
{Heap before GC invocations=46 (full 0):
 garbage-first heap   total 270336K, used 228346K [0x0000000080000000, 0x0000000100000000)
  region size 1024K, 54 young (55296K), 5 survivors (5120K)
 Metaspace       used 106210K, committed 107456K, reserved 557056K
  class space    used 14856K, committed 15424K, reserved 425984K
}

